<?xml version="1.0" encoding="UTF-8"?>
<testsuite xmlns:xsi="http://www.w3.org/2001/XMLSchema-instance" xsi:noNamespaceSchemaLocation="https://maven.apache.org/surefire/maven-surefire-plugin/xsd/surefire-test-report.xsd" name="TestSuite" time="71.506" tests="23" errors="0" skipped="1" failures="4">
  <properties>
[...]
</properties>
  <testcase name="test1" classname="com.nopcommerce.demo.testng.TestNGDemo" time="0.003"/>
  <testcase name="test2" classname="com.nopcommerce.demo.testng.TestNGDemo" time="0"/>
  <testcase name="computerTest1" classname="com.nopcommerce.demo.testng.TestNGGrouping" time="0"/>
  <testcase name="computerTest2" classname="com.nopcommerce.demo.testng.TestNGGrouping" time="0.008"/>
  <testcase name="loginTest1" classname="com.nopcommerce.demo.testng.TestNGGrouping" time="0.001"/>
  <testcase name="loginTest2" classname="com.nopcommerce.demo.testng.TestNGGrouping" time="0.012"/>
  <testcase name="loginTest3" classname="com.nopcommerce.demo.testng.TestNGGrouping" time="0"/>
  <testcase name="loginTest4" classname="com.nopcommerce.demo.testng.TestNGGrouping" time="0"/>
  <testcase name="regressionTest1" classname="com.nopcommerce.demo.testng.TestNGGrouping" time="0.001"/>
  <testcase name="test1" classname="com.nopcommerce.demo.testng.TestNGListenersDemo" time="0.009"/>
  <testcase name="test2" classname="com.nopcommerce.demo.testng.TestNGListenersDemo" time="0.069">
    <failure type="java.lang.AssertionError:">java.lang.AssertionError: null
	at com.nopcommerce.demo.testng.TestNGListenersDemo.test2(TestNGListenersDemo.java:21)
</failure>
    <system-out><![CDATA[I am inside Test2
]]></system-out>
  </testcase>
  <testcase name="test3" classname="com.nopcommerce.demo.testng.TestNGListenersDemo" time="0">
    <skipped message="Test Skipped"/>
    <system-out><![CDATA[I am inside Test3
]]></system-out>
  </testcase>
  <testcase name="test" classname="com.nopcommerce.demo.testng.TestNGParameterDemo" time="0.002">
    <failure message="&#10;Cannot inject @Test annotated Method [test] with [class java.lang.String, class java.lang.String].&#10;For more information on native dependency injection please refer to https://testng.org/doc/documentation-main.html#native-dependency-injection" type="org.testng.TestNGException">org.testng.TestNGException: 

Cannot inject @Test annotated Method [test] with [class java.lang.String, class java.lang.String].
For more information on native dependency injection please refer to https://testng.org/doc/documentation-main.html#native-dependency-injection
</failure>
  </testcase>
  <testcase name="test" classname="com.nopcommerce.demo.testng.TestNGPriority" time="0"/>
  <testcase name="test1" classname="com.nopcommerce.demo.testng.TestNGPriority" time="0.003"/>
  <testcase name="test2" classname="com.nopcommerce.demo.testng.TestNGPriority" time="0.002"/>
  <testcase name="test1" classname="com.nopcommerce.demo.testng.TestNGRetryFailedDemo" time="0"/>
  <testcase name="test2" classname="com.nopcommerce.demo.testng.TestNGRetryFailedDemo" time="0"/>
  <testcase name="test3" classname="com.nopcommerce.demo.testng.TestNGRetryFailedDemo" time="0"/>
  <testcase name="testSum" classname="com.nopcommerce.demo.testng.TestNGSoftAssert" time="0.006">
    <failure message="expected [true] but found [false]" type="java.lang.AssertionError">java.lang.AssertionError: expected [true] but found [false]
	at com.nopcommerce.demo.testng.TestNGSoftAssert.testSum(TestNGSoftAssert.java:18)
</failure>
    <system-out><![CDATA[Running Test ----------->
]]></system-out>
  </testcase>
  <testcase name="testSum1" classname="com.nopcommerce.demo.testng.TestNGSoftAssert" time="0.063">
    <failure message="The following asserts failed:&#10;	Result not equal to 40 expected [true] but found [false]" type="java.lang.AssertionError">java.lang.AssertionError: 
The following asserts failed:
	Result not equal to 40 expected [true] but found [false]
	at com.nopcommerce.demo.testng.TestNGSoftAssert.testSum1(TestNGSoftAssert.java:35)
</failure>
    <system-out><![CDATA[Running Test ----------->
Line after assert 1
Line after assert 2
]]></system-out>
  </testcase>
  <testcase name="verifyErrorMessageWithInvalidCredentials" classname="com.nopcommerce.demo.testsuite.LoginPageTest" time="7.584"/>
  <testcase name="verifyUserShouldNavigateToLoginPage" classname="com.nopcommerce.demo.testsuite.LoginPageTest" time="1.536"/>
</testsuite>