<?xml version="1.0" encoding="UTF-8"?>
<testsuite name="Nopcommerce"
           tests="2"
           failures="0"
           errors="0"
           skipped="0"
           time="2.930">
  <properties />
  
  
            <testcase name="verifyErrorMessageWithInvalidCredentials" time="2.030" classname="com.nopcommerce.demo.testsuite.LoginPageTest" />
                <testcase name="verifyUserShouldNavigateToLoginPage" time="0.900" classname="com.nopcommerce.demo.testsuite.LoginPageTest" />
      
</testsuite>
